<?xml version="1.0" encoding="UTF-8"?>
<!-- Generated by org.testng.reporters.JUnitReportReporter -->
<testsuite hostname="LAPTOP-TI1DALK4" failures="0" tests="3" name="api.test.userTest" time="7.929" errors="0" timestamp="2026-02-22T16:52:04 IST" skipped="0">
  <testcase classname="api.test.userTest" name="testPostUser" time="4.708"/>
  <testcase classname="api.test.userTest" name="testGetUser" time="1.069"/>
  <testcase classname="api.test.userTest" name="testUpdateUser" time="2.152"/>
</testsuite> <!-- api.test.userTest -->
